<?xml version="1.0" encoding="UTF-8"?>
<!-- Generated by org.testng.reporters.JUnitReportReporter -->
<testsuite ignored="0" hostname="DUBN34630627A" failures="0" tests="1" name="com.james.training.CucumberPOM.AppTestRunner" time="50.037" errors="0" timestamp="25 Mar 2020 00:49:10 GMT" skipped="0">
  <testcase classname="com.james.training.CucumberPOM.AppTestRunner" name="feature" time="50.037"/>
</testsuite> <!-- com.james.training.CucumberPOM.AppTestRunner -->
